(((#P"/Users/ar/work/ud-portuguese-gsd/pt_gsd-ud-train.conllu" "train-s9562" 4)
  (#P"/Users/ar/work/ud-portuguese-gsd/pt_gsd-ud-train.conllu" "train-s9550"
   35)
  (#P"/Users/ar/work/ud-portuguese-gsd/pt_gsd-ud-train.conllu" "train-s9522"
   34)
  (#P"/Users/ar/work/ud-portuguese-gsd/pt_gsd-ud-train.conllu" "train-s9515"
   20)
  (#P"/Users/ar/work/ud-portuguese-gsd/pt_gsd-ud-train.conllu" "train-s9500" 6)
  (#P"/Users/ar/work/ud-portuguese-gsd/pt_gsd-ud-train.conllu" "train-s9483"
   23)
  (#P"/Users/ar/work/ud-portuguese-gsd/pt_gsd-ud-train.conllu" "train-s9456"
   12)
  (#P"/Users/ar/work/ud-portuguese-gsd/pt_gsd-ud-train.conllu" "train-s9426"
   10)
  (#P"/Users/ar/work/ud-portuguese-gsd/pt_gsd-ud-train.conllu" "train-s9400"
   38)
  (#P"/Users/ar/work/ud-portuguese-gsd/pt_gsd-ud-train.conllu" "train-s9339"
   39)
  (#P"/Users/ar/work/ud-portuguese-gsd/pt_gsd-ud-train.conllu" "train-s9293"
   21)
  (#P"/Users/ar/work/ud-portuguese-gsd/pt_gsd-ud-train.conllu" "train-s9138"
   16)
  (#P"/Users/ar/work/ud-portuguese-gsd/pt_gsd-ud-train.conllu" "train-s9060"
   21)
  (#P"/Users/ar/work/ud-portuguese-gsd/pt_gsd-ud-train.conllu" "train-s8919"
   24)
  (#P"/Users/ar/work/ud-portuguese-gsd/pt_gsd-ud-train.conllu" "train-s8851"
   18)
  (#P"/Users/ar/work/ud-portuguese-gsd/pt_gsd-ud-train.conllu" "train-s8842"
   21)
  (#P"/Users/ar/work/ud-portuguese-gsd/pt_gsd-ud-train.conllu" "train-s8787"
   26)
  (#P"/Users/ar/work/ud-portuguese-gsd/pt_gsd-ud-train.conllu" "train-s8565"
   25)
  (#P"/Users/ar/work/ud-portuguese-gsd/pt_gsd-ud-train.conllu" "train-s8518"
   14)
  (#P"/Users/ar/work/ud-portuguese-gsd/pt_gsd-ud-train.conllu" "train-s8504"
   21)
  (#P"/Users/ar/work/ud-portuguese-gsd/pt_gsd-ud-train.conllu" "train-s8437"
   12)
  (#P"/Users/ar/work/ud-portuguese-gsd/pt_gsd-ud-train.conllu" "train-s8384"
   16)
  (#P"/Users/ar/work/ud-portuguese-gsd/pt_gsd-ud-train.conllu" "train-s8374"
   16)
  (#P"/Users/ar/work/ud-portuguese-gsd/pt_gsd-ud-train.conllu" "train-s8279"
   40)
  (#P"/Users/ar/work/ud-portuguese-gsd/pt_gsd-ud-train.conllu" "train-s8186"
   18)
  (#P"/Users/ar/work/ud-portuguese-gsd/pt_gsd-ud-train.conllu" "train-s8128" 4)
  (#P"/Users/ar/work/ud-portuguese-gsd/pt_gsd-ud-train.conllu" "train-s8089"
   63)
  (#P"/Users/ar/work/ud-portuguese-gsd/pt_gsd-ud-train.conllu" "train-s8089"
   39)
  (#P"/Users/ar/work/ud-portuguese-gsd/pt_gsd-ud-train.conllu" "train-s8062"
   12)
  (#P"/Users/ar/work/ud-portuguese-gsd/pt_gsd-ud-train.conllu" "train-s7920"
   21)
  (#P"/Users/ar/work/ud-portuguese-gsd/pt_gsd-ud-train.conllu" "train-s7871"
   16)
  (#P"/Users/ar/work/ud-portuguese-gsd/pt_gsd-ud-train.conllu" "train-s7649"
   30)
  (#P"/Users/ar/work/ud-portuguese-gsd/pt_gsd-ud-train.conllu" "train-s7642"
   37)
  (#P"/Users/ar/work/ud-portuguese-gsd/pt_gsd-ud-train.conllu" "train-s7609"
   10)
  (#P"/Users/ar/work/ud-portuguese-gsd/pt_gsd-ud-train.conllu" "train-s7469"
   27)
  (#P"/Users/ar/work/ud-portuguese-gsd/pt_gsd-ud-train.conllu" "train-s7287"
   20)
  (#P"/Users/ar/work/ud-portuguese-gsd/pt_gsd-ud-train.conllu" "train-s7272"
   44)
  (#P"/Users/ar/work/ud-portuguese-gsd/pt_gsd-ud-train.conllu" "train-s7187"
   28)
  (#P"/Users/ar/work/ud-portuguese-gsd/pt_gsd-ud-train.conllu" "train-s7158"
   35)
  (#P"/Users/ar/work/ud-portuguese-gsd/pt_gsd-ud-train.conllu" "train-s7126"
   13)
  (#P"/Users/ar/work/ud-portuguese-gsd/pt_gsd-ud-train.conllu" "train-s7125"
   11)
  (#P"/Users/ar/work/ud-portuguese-gsd/pt_gsd-ud-train.conllu" "train-s7073" 7)
  (#P"/Users/ar/work/ud-portuguese-gsd/pt_gsd-ud-train.conllu" "train-s6960"
   12)
  (#P"/Users/ar/work/ud-portuguese-gsd/pt_gsd-ud-train.conllu" "train-s6877"
   17)
  (#P"/Users/ar/work/ud-portuguese-gsd/pt_gsd-ud-train.conllu" "train-s6723"
   23)
  (#P"/Users/ar/work/ud-portuguese-gsd/pt_gsd-ud-train.conllu" "train-s6714"
   10)
  (#P"/Users/ar/work/ud-portuguese-gsd/pt_gsd-ud-train.conllu" "train-s6629"
   17)
  (#P"/Users/ar/work/ud-portuguese-gsd/pt_gsd-ud-train.conllu" "train-s6571"
   32)
  (#P"/Users/ar/work/ud-portuguese-gsd/pt_gsd-ud-train.conllu" "train-s6524"
   10)
  (#P"/Users/ar/work/ud-portuguese-gsd/pt_gsd-ud-train.conllu" "train-s6522"
   17)
  (#P"/Users/ar/work/ud-portuguese-gsd/pt_gsd-ud-train.conllu" "train-s6520"
   20)
  (#P"/Users/ar/work/ud-portuguese-gsd/pt_gsd-ud-train.conllu" "train-s6461"
   13)
  (#P"/Users/ar/work/ud-portuguese-gsd/pt_gsd-ud-train.conllu" "train-s6446"
   17)
  (#P"/Users/ar/work/ud-portuguese-gsd/pt_gsd-ud-train.conllu" "train-s6255" 7)
  (#P"/Users/ar/work/ud-portuguese-gsd/pt_gsd-ud-train.conllu" "train-s6241"
   33)
  (#P"/Users/ar/work/ud-portuguese-gsd/pt_gsd-ud-train.conllu" "train-s6190"
   25)
  (#P"/Users/ar/work/ud-portuguese-gsd/pt_gsd-ud-train.conllu" "train-s6055" 7)
  (#P"/Users/ar/work/ud-portuguese-gsd/pt_gsd-ud-train.conllu" "train-s6038"
   33)
  (#P"/Users/ar/work/ud-portuguese-gsd/pt_gsd-ud-train.conllu" "train-s5857"
   11)
  (#P"/Users/ar/work/ud-portuguese-gsd/pt_gsd-ud-train.conllu" "train-s5848"
   42)
  (#P"/Users/ar/work/ud-portuguese-gsd/pt_gsd-ud-train.conllu" "train-s5781"
   15)
  (#P"/Users/ar/work/ud-portuguese-gsd/pt_gsd-ud-train.conllu" "train-s5696"
   13)
  (#P"/Users/ar/work/ud-portuguese-gsd/pt_gsd-ud-train.conllu" "train-s5657"
   25)
  (#P"/Users/ar/work/ud-portuguese-gsd/pt_gsd-ud-train.conllu" "train-s5634a"
   26)
  (#P"/Users/ar/work/ud-portuguese-gsd/pt_gsd-ud-train.conllu" "train-s5587"
   38)
  (#P"/Users/ar/work/ud-portuguese-gsd/pt_gsd-ud-train.conllu" "train-s5496"
   11)
  (#P"/Users/ar/work/ud-portuguese-gsd/pt_gsd-ud-train.conllu" "train-s5481"
   28)
  (#P"/Users/ar/work/ud-portuguese-gsd/pt_gsd-ud-train.conllu" "train-s5418"
   36)
  (#P"/Users/ar/work/ud-portuguese-gsd/pt_gsd-ud-train.conllu" "train-s5409" 6)
  (#P"/Users/ar/work/ud-portuguese-gsd/pt_gsd-ud-train.conllu" "train-s5333"
   70)
  (#P"/Users/ar/work/ud-portuguese-gsd/pt_gsd-ud-train.conllu" "train-s5320"
   19)
  (#P"/Users/ar/work/ud-portuguese-gsd/pt_gsd-ud-train.conllu" "train-s5314"
   38)
  (#P"/Users/ar/work/ud-portuguese-gsd/pt_gsd-ud-train.conllu" "train-s5307"
   23)
  (#P"/Users/ar/work/ud-portuguese-gsd/pt_gsd-ud-train.conllu" "train-s5289"
   10)
  (#P"/Users/ar/work/ud-portuguese-gsd/pt_gsd-ud-train.conllu" "train-s5214"
   28)
  (#P"/Users/ar/work/ud-portuguese-gsd/pt_gsd-ud-train.conllu" "train-s5168"
   23)
  (#P"/Users/ar/work/ud-portuguese-gsd/pt_gsd-ud-train.conllu" "train-s4896"
   33)
  (#P"/Users/ar/work/ud-portuguese-gsd/pt_gsd-ud-train.conllu" "train-s4616"
   16)
  (#P"/Users/ar/work/ud-portuguese-gsd/pt_gsd-ud-train.conllu" "train-s4569"
   23)
  (#P"/Users/ar/work/ud-portuguese-gsd/pt_gsd-ud-train.conllu" "train-s4547"
   25)
  (#P"/Users/ar/work/ud-portuguese-gsd/pt_gsd-ud-train.conllu" "train-s4487"
   22)
  (#P"/Users/ar/work/ud-portuguese-gsd/pt_gsd-ud-train.conllu" "train-s4446"
   18)
  (#P"/Users/ar/work/ud-portuguese-gsd/pt_gsd-ud-train.conllu" "train-s4324"
   25)
  (#P"/Users/ar/work/ud-portuguese-gsd/pt_gsd-ud-train.conllu" "train-s4273"
   20)
  (#P"/Users/ar/work/ud-portuguese-gsd/pt_gsd-ud-train.conllu" "train-s4240"
   21)
  (#P"/Users/ar/work/ud-portuguese-gsd/pt_gsd-ud-train.conllu" "train-s4226"
   12)
  (#P"/Users/ar/work/ud-portuguese-gsd/pt_gsd-ud-train.conllu" "train-s4214"
   42)
  (#P"/Users/ar/work/ud-portuguese-gsd/pt_gsd-ud-train.conllu" "train-s4180"
   21)
  (#P"/Users/ar/work/ud-portuguese-gsd/pt_gsd-ud-train.conllu" "train-s4148"
   21)
  (#P"/Users/ar/work/ud-portuguese-gsd/pt_gsd-ud-train.conllu" "train-s4110"
   29)
  (#P"/Users/ar/work/ud-portuguese-gsd/pt_gsd-ud-train.conllu" "train-s4072"
   19)
  (#P"/Users/ar/work/ud-portuguese-gsd/pt_gsd-ud-train.conllu" "train-s3965"
   13)
  (#P"/Users/ar/work/ud-portuguese-gsd/pt_gsd-ud-train.conllu" "train-s3923"
   18)
  (#P"/Users/ar/work/ud-portuguese-gsd/pt_gsd-ud-train.conllu" "train-s3836"
   36)
  (#P"/Users/ar/work/ud-portuguese-gsd/pt_gsd-ud-train.conllu" "train-s3828"
   15)
  (#P"/Users/ar/work/ud-portuguese-gsd/pt_gsd-ud-train.conllu" "train-s3807"
   11)
  (#P"/Users/ar/work/ud-portuguese-gsd/pt_gsd-ud-train.conllu" "train-s3625"
   22)
  (#P"/Users/ar/work/ud-portuguese-gsd/pt_gsd-ud-train.conllu" "train-s3618"
   53)
  (#P"/Users/ar/work/ud-portuguese-gsd/pt_gsd-ud-train.conllu" "train-s3295"
   35)
  (#P"/Users/ar/work/ud-portuguese-gsd/pt_gsd-ud-train.conllu" "train-s3235"
   22)
  (#P"/Users/ar/work/ud-portuguese-gsd/pt_gsd-ud-train.conllu" "train-s3137" 6)
  (#P"/Users/ar/work/ud-portuguese-gsd/pt_gsd-ud-train.conllu" "train-s3097"
   31)
  (#P"/Users/ar/work/ud-portuguese-gsd/pt_gsd-ud-train.conllu" "train-s3097"
   18)
  (#P"/Users/ar/work/ud-portuguese-gsd/pt_gsd-ud-train.conllu" "train-s3076"
   16)
  (#P"/Users/ar/work/ud-portuguese-gsd/pt_gsd-ud-train.conllu" "train-s2904"
   31)
  (#P"/Users/ar/work/ud-portuguese-gsd/pt_gsd-ud-train.conllu" "train-s2895"
   17)
  (#P"/Users/ar/work/ud-portuguese-gsd/pt_gsd-ud-train.conllu" "train-s2872"
   39)
  (#P"/Users/ar/work/ud-portuguese-gsd/pt_gsd-ud-train.conllu" "train-s2700"
   21)
  (#P"/Users/ar/work/ud-portuguese-gsd/pt_gsd-ud-train.conllu" "train-s2660"
   61)
  (#P"/Users/ar/work/ud-portuguese-gsd/pt_gsd-ud-train.conllu" "train-s2546" 7)
  (#P"/Users/ar/work/ud-portuguese-gsd/pt_gsd-ud-train.conllu" "train-s2544"
   22)
  (#P"/Users/ar/work/ud-portuguese-gsd/pt_gsd-ud-train.conllu" "train-s2498"
   13)
  (#P"/Users/ar/work/ud-portuguese-gsd/pt_gsd-ud-train.conllu" "train-s2449"
   67)
  (#P"/Users/ar/work/ud-portuguese-gsd/pt_gsd-ud-train.conllu" "train-s2384"
   12)
  (#P"/Users/ar/work/ud-portuguese-gsd/pt_gsd-ud-train.conllu" "train-s2345" 8)
  (#P"/Users/ar/work/ud-portuguese-gsd/pt_gsd-ud-train.conllu" "train-s2331"
   17)
  (#P"/Users/ar/work/ud-portuguese-gsd/pt_gsd-ud-train.conllu" "train-s2314"
   13)
  (#P"/Users/ar/work/ud-portuguese-gsd/pt_gsd-ud-train.conllu" "train-s2273"
   28)
  (#P"/Users/ar/work/ud-portuguese-gsd/pt_gsd-ud-train.conllu" "train-s2174"
   22)
  (#P"/Users/ar/work/ud-portuguese-gsd/pt_gsd-ud-train.conllu" "train-s2117"
   13)
  (#P"/Users/ar/work/ud-portuguese-gsd/pt_gsd-ud-train.conllu" "train-s2106"
   16)
  (#P"/Users/ar/work/ud-portuguese-gsd/pt_gsd-ud-train.conllu" "train-s1956"
   16)
  (#P"/Users/ar/work/ud-portuguese-gsd/pt_gsd-ud-train.conllu" "train-s1801"
   19)
  (#P"/Users/ar/work/ud-portuguese-gsd/pt_gsd-ud-train.conllu" "train-s1691"
   14)
  (#P"/Users/ar/work/ud-portuguese-gsd/pt_gsd-ud-train.conllu" "train-s1596"
   30)
  (#P"/Users/ar/work/ud-portuguese-gsd/pt_gsd-ud-train.conllu" "train-s1452"
   22)
  (#P"/Users/ar/work/ud-portuguese-gsd/pt_gsd-ud-train.conllu" "train-s1425"
   26)
  (#P"/Users/ar/work/ud-portuguese-gsd/pt_gsd-ud-train.conllu" "train-s1397"
   30)
  (#P"/Users/ar/work/ud-portuguese-gsd/pt_gsd-ud-train.conllu" "train-s1375"
   21)
  (#P"/Users/ar/work/ud-portuguese-gsd/pt_gsd-ud-train.conllu" "train-s1362"
   13)
  (#P"/Users/ar/work/ud-portuguese-gsd/pt_gsd-ud-train.conllu" "train-s1355"
   10)
  (#P"/Users/ar/work/ud-portuguese-gsd/pt_gsd-ud-train.conllu" "train-s1352"
   21)
  (#P"/Users/ar/work/ud-portuguese-gsd/pt_gsd-ud-train.conllu" "train-s1302"
   27)
  (#P"/Users/ar/work/ud-portuguese-gsd/pt_gsd-ud-train.conllu" "train-s1270" 8)
  (#P"/Users/ar/work/ud-portuguese-gsd/pt_gsd-ud-train.conllu" "train-s1238"
   17)
  (#P"/Users/ar/work/ud-portuguese-gsd/pt_gsd-ud-train.conllu" "train-s1007"
   43)
  (#P"/Users/ar/work/ud-portuguese-gsd/pt_gsd-ud-train.conllu" "train-s988" 8)
  (#P"/Users/ar/work/ud-portuguese-gsd/pt_gsd-ud-train.conllu" "train-s954" 29)
  (#P"/Users/ar/work/ud-portuguese-gsd/pt_gsd-ud-train.conllu" "train-s749" 12)
  (#P"/Users/ar/work/ud-portuguese-gsd/pt_gsd-ud-train.conllu" "train-s636" 12)
  (#P"/Users/ar/work/ud-portuguese-gsd/pt_gsd-ud-train.conllu" "train-s622" 26)
  (#P"/Users/ar/work/ud-portuguese-gsd/pt_gsd-ud-train.conllu" "train-s471" 31)
  (#P"/Users/ar/work/ud-portuguese-gsd/pt_gsd-ud-train.conllu" "train-s458" 14)
  (#P"/Users/ar/work/ud-portuguese-gsd/pt_gsd-ud-train.conllu" "train-s418" 35)
  (#P"/Users/ar/work/ud-portuguese-gsd/pt_gsd-ud-train.conllu" "train-s403" 15)
  (#P"/Users/ar/work/ud-portuguese-gsd/pt_gsd-ud-train.conllu" "train-s386" 18)
  (#P"/Users/ar/work/ud-portuguese-gsd/pt_gsd-ud-train.conllu" "train-s321" 18)
  (#P"/Users/ar/work/ud-portuguese-gsd/pt_gsd-ud-train.conllu" "train-s309" 43)
  (#P"/Users/ar/work/ud-portuguese-gsd/pt_gsd-ud-train.conllu" "train-s271" 11)
  (#P"/Users/ar/work/ud-portuguese-gsd/pt_gsd-ud-train.conllu" "train-s249" 26)
  (#P"/Users/ar/work/ud-portuguese-gsd/pt_gsd-ud-train.conllu" "train-s237" 46)
  (#P"/Users/ar/work/ud-portuguese-gsd/pt_gsd-ud-train.conllu" "train-s212" 50)
  (#P"/Users/ar/work/ud-portuguese-gsd/pt_gsd-ud-train.conllu" "train-s75" 51))
 ((#P"/Users/ar/work/ud-portuguese-gsd/pt_gsd-ud-test.conllu" "test-s1032" 28)
  (#P"/Users/ar/work/ud-portuguese-gsd/pt_gsd-ud-test.conllu" "test-s1027" 38)
  (#P"/Users/ar/work/ud-portuguese-gsd/pt_gsd-ud-test.conllu" "test-s967" 42)
  (#P"/Users/ar/work/ud-portuguese-gsd/pt_gsd-ud-test.conllu" "test-s949" 14)
  (#P"/Users/ar/work/ud-portuguese-gsd/pt_gsd-ud-test.conllu" "test-s933" 11)
  (#P"/Users/ar/work/ud-portuguese-gsd/pt_gsd-ud-test.conllu" "test-s884" 18)
  (#P"/Users/ar/work/ud-portuguese-gsd/pt_gsd-ud-test.conllu" "test-s830" 52)
  (#P"/Users/ar/work/ud-portuguese-gsd/pt_gsd-ud-test.conllu" "test-s740" 13)
  (#P"/Users/ar/work/ud-portuguese-gsd/pt_gsd-ud-test.conllu" "test-s734" 10)
  (#P"/Users/ar/work/ud-portuguese-gsd/pt_gsd-ud-test.conllu" "test-s663" 18)
  (#P"/Users/ar/work/ud-portuguese-gsd/pt_gsd-ud-test.conllu" "test-s451" 13))
 ((#P"/Users/ar/work/ud-portuguese-gsd/pt_gsd-ud-dev.conllu" "dev-s1135" 14)
  (#P"/Users/ar/work/ud-portuguese-gsd/pt_gsd-ud-dev.conllu" "dev-s1117" 8)
  (#P"/Users/ar/work/ud-portuguese-gsd/pt_gsd-ud-dev.conllu" "dev-s1034" 10)
  (#P"/Users/ar/work/ud-portuguese-gsd/pt_gsd-ud-dev.conllu" "dev-s981" 30)
  (#P"/Users/ar/work/ud-portuguese-gsd/pt_gsd-ud-dev.conllu" "dev-s933" 5)
  (#P"/Users/ar/work/ud-portuguese-gsd/pt_gsd-ud-dev.conllu" "dev-s877" 6)
  (#P"/Users/ar/work/ud-portuguese-gsd/pt_gsd-ud-dev.conllu" "dev-s874" 11)
  (#P"/Users/ar/work/ud-portuguese-gsd/pt_gsd-ud-dev.conllu" "dev-s731" 11)
  (#P"/Users/ar/work/ud-portuguese-gsd/pt_gsd-ud-dev.conllu" "dev-s571" 11)
  (#P"/Users/ar/work/ud-portuguese-gsd/pt_gsd-ud-dev.conllu" "dev-s388" 37)
  (#P"/Users/ar/work/ud-portuguese-gsd/pt_gsd-ud-dev.conllu" "dev-s364" 19)
  (#P"/Users/ar/work/ud-portuguese-gsd/pt_gsd-ud-dev.conllu" "dev-s349" 34)
  (#P"/Users/ar/work/ud-portuguese-gsd/pt_gsd-ud-dev.conllu" "dev-s142" 18)
  (#P"/Users/ar/work/ud-portuguese-gsd/pt_gsd-ud-dev.conllu" "dev-s20" 24)
  (#P"/Users/ar/work/ud-portuguese-gsd/pt_gsd-ud-dev.conllu" "dev-s10" 17)))