WARNING:Check sentence dev-s10, token 16: a cannot be guessed
WARNING:Check sentence dev-s20, token 23: a cannot be guessed
WARNING:Check sentence dev-s142, token 18: a cannot be guessed
WARNING:Check sentence dev-s349, token 34: o cannot be guessed
WARNING:Check sentence dev-s364, token 19: a cannot be guessed
WARNING:Check sentence dev-s388, token 38: a cannot be guessed
WARNING:Check sentence dev-s571, token 10: a cannot be guessed
WARNING:Check sentence dev-s731, token 10: o cannot be guessed
WARNING:Check sentence dev-s874, token 11: o cannot be guessed
WARNING:Check sentence dev-s877, token 4: a cannot be guessed
WARNING:Check sentence dev-s933, token 3: o cannot be guessed
WARNING:Check sentence dev-s981, token 29: a cannot be guessed
WARNING:Check sentence dev-s1034, token 9: o cannot be guessed
WARNING:Check sentence dev-s1117, token 6: a cannot be guessed
WARNING:Check sentence dev-s1135, token 14: o cannot be guessed
WARNING:Check sentence test-s734, token 8: a cannot be guessed
WARNING:Check sentence test-s740, token 12: a cannot be guessed
WARNING:Check sentence test-s830, token 54: a cannot be guessed
WARNING:Check sentence test-s884, token 16: a cannot be guessed
WARNING:Check sentence test-s933, token 10: a cannot be guessed
WARNING:Check sentence test-s949, token 13: a cannot be guessed
WARNING:Check sentence test-s967, token 42: o cannot be guessed
WARNING:Check sentence test-s1027, token 40: a cannot be guessed
WARNING:Check sentence test-s1032, token 29: a cannot be guessed
WARNING:Check sentence train-s75, token 50: a cannot be guessed
WARNING:Check sentence train-s212, token 53: o cannot be guessed
WARNING:Check sentence train-s237, token 47: a cannot be guessed
WARNING:Check sentence train-s249, token 27: a cannot be guessed
WARNING:Check sentence train-s271, token 9: a cannot be guessed
WARNING:Check sentence train-s309, token 45: a cannot be guessed
WARNING:Check sentence train-s321, token 16: a cannot be guessed
WARNING:Check sentence train-s386, token 17: a cannot be guessed
WARNING:Check sentence train-s403, token 14: a cannot be guessed
WARNING:Check sentence train-s418, token 36: a cannot be guessed
WARNING:Check sentence train-s458, token 12: o cannot be guessed
WARNING:Check sentence train-s471, token 32: a cannot be guessed
WARNING:Check sentence train-s622, token 25: a cannot be guessed
WARNING:Check sentence train-s636, token 11: a cannot be guessed
WARNING:Check sentence train-s749, token 11: a cannot be guessed
WARNING:Check sentence train-s954, token 29: a cannot be guessed
WARNING:Check sentence train-s988, token 6: a cannot be guessed
WARNING:Check sentence train-s1007, token 45: a cannot be guessed
WARNING:Check sentence train-s1238, token 15: a cannot be guessed
WARNING:Check sentence train-s1270, token 6: a cannot be guessed
WARNING:Check sentence train-s1302, token 26: a cannot be guessed
WARNING:Check sentence train-s1352, token 21: o cannot be guessed
WARNING:Check sentence train-s1355, token 8: a cannot be guessed
WARNING:Check sentence train-s1362, token 11: a cannot be guessed
WARNING:Check sentence train-s1375, token 19: a cannot be guessed
WARNING:Check sentence train-s1397, token 31: a cannot be guessed
WARNING:Check sentence train-s1425, token 27: a cannot be guessed
WARNING:Check sentence train-s1452, token 20: a cannot be guessed
WARNING:Check sentence train-s1596, token 30: a cannot be guessed
WARNING:Check sentence train-s1691, token 13: a cannot be guessed
WARNING:Check sentence train-s1801, token 18: a cannot be guessed
WARNING:Check sentence train-s1956, token 15: a cannot be guessed
WARNING:Check sentence train-s2106, token 15: a cannot be guessed
WARNING:Check sentence train-s2117, token 11: a cannot be guessed
WARNING:Check sentence train-s2174, token 22: a cannot be guessed
WARNING:Check sentence train-s2273, token 27: a cannot be guessed
WARNING:Check sentence train-s2314, token 12: a cannot be guessed
WARNING:Check sentence train-s2331, token 16: a cannot be guessed
WARNING:Check sentence train-s2345, token 6: a cannot be guessed
WARNING:Check sentence train-s2384, token 11: a cannot be guessed
WARNING:Check sentence train-s2449, token 70: a cannot be guessed
WARNING:Check sentence train-s2498, token 12: a cannot be guessed
WARNING:Check sentence train-s2544, token 21: o cannot be guessed
WARNING:Check sentence train-s2546, token 5: a cannot be guessed
WARNING:Check sentence train-s2660, token 62: a cannot be guessed
WARNING:Check sentence train-s2700, token 20: o cannot be guessed
WARNING:Check sentence train-s2872, token 40: a cannot be guessed
WARNING:Check sentence train-s2895, token 16: o cannot be guessed
WARNING:Check sentence train-s2904, token 30: a cannot be guessed
WARNING:Check sentence train-s3076, token 14: a cannot be guessed
WARNING:Check sentence train-s3097, token 19: a cannot be guessed
WARNING:Check sentence train-s3097, token 33: a cannot be guessed
WARNING:Check sentence train-s3137, token 4: a cannot be guessed
WARNING:Check sentence train-s3235, token 21: a cannot be guessed
WARNING:Check sentence train-s3295, token 35: a cannot be guessed
WARNING:Check sentence train-s3618, token 58: o cannot be guessed
WARNING:Check sentence train-s3625, token 22: a cannot be guessed
WARNING:Check sentence train-s3807, token 9: a cannot be guessed
WARNING:Check sentence train-s3828, token 14: a cannot be guessed
WARNING:Check sentence train-s3836, token 34: a cannot be guessed
WARNING:Check sentence train-s3923, token 16: a cannot be guessed
WARNING:Check sentence train-s3965, token 11: a cannot be guessed
WARNING:Check sentence train-s4072, token 20: o cannot be guessed
WARNING:Check sentence train-s4110, token 29: o cannot be guessed
WARNING:Check sentence train-s4148, token 22: a cannot be guessed
WARNING:Check sentence train-s4180, token 22: a cannot be guessed
WARNING:Check sentence train-s4214, token 43: a cannot be guessed
WARNING:Check sentence train-s4226, token 11: a cannot be guessed
WARNING:Check sentence train-s4240, token 20: a cannot be guessed
WARNING:Check sentence train-s4273, token 20: a cannot be guessed
WARNING:Sentence train-s4324, token 24 UPOS=VERB, DEPREL=advcl, HEAD=6
WARNING:Check sentence train-s4324, token 25: a cannot be guessed
WARNING:Check sentence train-s4446, token 18: a cannot be guessed
WARNING:Check sentence train-s4487, token 21: a cannot be guessed
WARNING:Check sentence train-s4547, token 23: a cannot be guessed
WARNING:Check sentence train-s4569, token 21: a cannot be guessed
WARNING:Check sentence train-s4616, token 15: a cannot be guessed
WARNING:Check sentence train-s4896, token 32: a cannot be guessed
WARNING:Check sentence train-s5168, token 22: a cannot be guessed
WARNING:Check sentence train-s5214, token 28: a cannot be guessed
WARNING:Check sentence train-s5289, token 8: a cannot be guessed
WARNING:Check sentence train-s5307, token 23: a cannot be guessed
WARNING:Check sentence train-s5314, token 39: a cannot be guessed
WARNING:Check sentence train-s5320, token 19: a cannot be guessed
WARNING:Check sentence train-s5333, token 72: o cannot be guessed
WARNING:Check sentence train-s5409, token 4: a cannot be guessed
WARNING:Check sentence train-s5418, token 36: a cannot be guessed
WARNING:Check sentence train-s5481, token 27: a cannot be guessed
WARNING:Check sentence train-s5496, token 9: a cannot be guessed
WARNING:Check sentence train-s5587, token 38: a cannot be guessed
WARNING:Check sentence train-s5634a, token 25: a cannot be guessed
WARNING:Check sentence train-s5657, token 23: o cannot be guessed
WARNING:Check sentence train-s5696, token 11: a cannot be guessed
WARNING:Check sentence train-s5781, token 13: a cannot be guessed
WARNING:Check sentence train-s5848, token 43: a cannot be guessed
WARNING:Check sentence train-s5857, token 9: a cannot be guessed
WARNING:Check sentence train-s6038, token 35: a cannot be guessed
WARNING:Check sentence train-s6055, token 5: a cannot be guessed
WARNING:Check sentence train-s6190, token 24: a cannot be guessed
WARNING:Check sentence train-s6241, token 33: o cannot be guessed
WARNING:Check sentence train-s6255, token 5: a cannot be guessed
WARNING:Check sentence train-s6446, token 16: a cannot be guessed
WARNING:Check sentence train-s6461, token 11: a cannot be guessed
WARNING:Check sentence train-s6520, token 19: a cannot be guessed
WARNING:Check sentence train-s6522, token 16: a cannot be guessed
WARNING:Check sentence train-s6524, token 9: a cannot be guessed
WARNING:Check sentence train-s6571, token 30: a cannot be guessed
WARNING:Check sentence train-s6629, token 16: a cannot be guessed
WARNING:Check sentence train-s6714, token 8: a cannot be guessed
WARNING:Check sentence train-s6723, token 22: a cannot be guessed
WARNING:Check sentence train-s6877, token 16: a cannot be guessed
WARNING:Check sentence train-s6960, token 11: a cannot be guessed
WARNING:Check sentence train-s7073, token 5: a cannot be guessed
WARNING:Check sentence train-s7125, token 9: a cannot be guessed
WARNING:Check sentence train-s7126, token 11: a cannot be guessed
WARNING:Check sentence train-s7158, token 35: a cannot be guessed
WARNING:Check sentence train-s7187, token 27: a cannot be guessed
WARNING:Check sentence train-s7272, token 45: a cannot be guessed
WARNING:Check sentence train-s7287, token 19: o cannot be guessed
WARNING:Check sentence train-s7469, token 28: a cannot be guessed
WARNING:Check sentence train-s7609, token 8: a cannot be guessed
WARNING:Check sentence train-s7642, token 38: a cannot be guessed
WARNING:Check sentence train-s7649, token 32: a cannot be guessed
WARNING:Check sentence train-s7871, token 14: a cannot be guessed
WARNING:Check sentence train-s7920, token 21: o cannot be guessed
WARNING:Check sentence train-s8062, token 11: o cannot be guessed
WARNING:Check sentence train-s8089, token 39: a cannot be guessed
WARNING:Check sentence train-s8089, token 65: a cannot be guessed
WARNING:Check sentence train-s8128, token 2: a cannot be guessed
WARNING:Check sentence train-s8186, token 16: a cannot be guessed
WARNING:Check sentence train-s8279, token 40: o cannot be guessed
WARNING:Check sentence train-s8374, token 15: a cannot be guessed
WARNING:Check sentence train-s8384, token 14: o cannot be guessed
WARNING:Check sentence train-s8437, token 10: a cannot be guessed
WARNING:Check sentence train-s8504, token 20: a cannot be guessed
WARNING:Check sentence train-s8518, token 13: a cannot be guessed
WARNING:Check sentence train-s8565, token 24: a cannot be guessed
WARNING:Check sentence train-s8787, token 26: a cannot be guessed
WARNING:Check sentence train-s8842, token 20: a cannot be guessed
WARNING:Check sentence train-s8851, token 17: o cannot be guessed
WARNING:Check sentence train-s8919, token 23: a cannot be guessed
WARNING:Check sentence train-s9060, token 21: a cannot be guessed
WARNING:Check sentence train-s9138, token 14: a cannot be guessed
WARNING:Check sentence train-s9293, token 20: o cannot be guessed
WARNING:Check sentence train-s9339, token 40: o cannot be guessed
WARNING:Check sentence train-s9400, token 38: a cannot be guessed
WARNING:Check sentence train-s9426, token 9: a cannot be guessed
WARNING:Check sentence train-s9456, token 10: a cannot be guessed
WARNING:Check sentence train-s9483, token 21: a cannot be guessed
WARNING:Check sentence train-s9500, token 4: a cannot be guessed
WARNING:Check sentence train-s9515, token 18: a cannot be guessed
WARNING:Check sentence train-s9522, token 35: a cannot be guessed
WARNING:Check sentence train-s9550, token 33: a cannot be guessed
WARNING:Check sentence train-s9562, token 2: a cannot be guessed
